TN:
SF:src\components\List.tsx
FN:7,List
FN:11,addToList
FN:18,removeFromList
FN:29,onChange
FN:36,onClick
FNF:5
FNH:3
FNDA:6,List
FNDA:0,addToList
FNDA:1,removeFromList
FNDA:0,onChange
FNDA:1,onClick
DA:1,1
DA:2,1
DA:3,1
DA:4,1
DA:5,1
DA:6,1
DA:7,6
DA:8,6
DA:9,6
DA:10,6
DA:11,6
DA:12,0
DA:13,0
DA:14,0
DA:15,0
DA:16,0
DA:17,6
DA:18,6
DA:19,1
DA:20,1
DA:21,1
DA:22,1
DA:23,6
DA:24,6
DA:25,6
DA:26,6
DA:27,6
DA:28,6
DA:29,6
DA:30,6
DA:31,6
DA:32,6
DA:33,6
DA:34,7
DA:35,6
DA:36,6
DA:37,6
DA:38,6
DA:39,6
DA:40,6
DA:41,6
DA:42,6
DA:43,1
DA:44,1
LF:44
LH:39
BRDA:7,0,0,6
BRDA:18,1,0,1
BRDA:19,2,0,1
BRDA:20,3,0,1
BRDA:20,4,0,1
BRDA:33,5,0,7
BRDA:36,6,0,1
BRF:7
BRH:7
end_of_record
